0 info it worked if it ends with ok
1 verbose cli [ '/Users/Liu/.nvm/versions/node/v7.0.0/bin/node',
1 verbose cli   '/Users/Liu/.nvm/versions/node/v7.0.0/bin/npm',
1 verbose cli   'run',
1 verbose cli   'build' ]
2 info using npm@3.10.8
3 info using node@v7.0.0
4 verbose run-script [ 'prebuild', 'build', 'postbuild' ]
5 info lifecycle freckles@0.0.0-development~prebuild: freckles@0.0.0-development
6 verbose lifecycle freckles@0.0.0-development~prebuild: unsafe-perm in lifecycle true
7 verbose lifecycle freckles@0.0.0-development~prebuild: PATH: /Users/Liu/.nvm/versions/node/v7.0.0/lib/node_modules/npm/bin/node-gyp-bin:/Users/Liu/digitalocean/freckles/node_modules/.bin:/Users/Liu/.nvm/versions/node/v7.0.0/bin:/Users/Liu/.rbenv/shims:/usr/local/bin:/usr/local/bin:/usr/bin:/bin:/usr/sbin:/sbin:/Users/Liu/.local/bin
8 verbose lifecycle freckles@0.0.0-development~prebuild: CWD: /Users/Liu/digitalocean/freckles
9 silly lifecycle freckles@0.0.0-development~prebuild: Args: [ '-c', 'rimraf dist' ]
10 silly lifecycle freckles@0.0.0-development~prebuild: Returned: code: 0  signal: null
11 info lifecycle freckles@0.0.0-development~build: freckles@0.0.0-development
12 verbose lifecycle freckles@0.0.0-development~build: unsafe-perm in lifecycle true
13 verbose lifecycle freckles@0.0.0-development~build: PATH: /Users/Liu/.nvm/versions/node/v7.0.0/lib/node_modules/npm/bin/node-gyp-bin:/Users/Liu/digitalocean/freckles/node_modules/.bin:/Users/Liu/.nvm/versions/node/v7.0.0/bin:/Users/Liu/.rbenv/shims:/usr/local/bin:/usr/local/bin:/usr/bin:/bin:/usr/sbin:/sbin:/Users/Liu/.local/bin
14 verbose lifecycle freckles@0.0.0-development~build: CWD: /Users/Liu/digitalocean/freckles
15 silly lifecycle freckles@0.0.0-development~build: Args: [ '-c', 'npm-run-all --parallel build:*' ]
16 silly lifecycle freckles@0.0.0-development~build: Returned: code: 1  signal: null
17 info lifecycle freckles@0.0.0-development~build: Failed to exec build script
18 verbose stack Error: freckles@0.0.0-development build: `npm-run-all --parallel build:*`
18 verbose stack Exit status 1
18 verbose stack     at EventEmitter.<anonymous> (/Users/Liu/.nvm/versions/node/v7.0.0/lib/node_modules/npm/lib/utils/lifecycle.js:255:16)
18 verbose stack     at emitTwo (events.js:106:13)
18 verbose stack     at EventEmitter.emit (events.js:191:7)
18 verbose stack     at ChildProcess.<anonymous> (/Users/Liu/.nvm/versions/node/v7.0.0/lib/node_modules/npm/lib/utils/spawn.js:40:14)
18 verbose stack     at emitTwo (events.js:106:13)
18 verbose stack     at ChildProcess.emit (events.js:191:7)
18 verbose stack     at maybeClose (internal/child_process.js:877:16)
18 verbose stack     at Process.ChildProcess._handle.onexit (internal/child_process.js:226:5)
19 verbose pkgid freckles@0.0.0-development
20 verbose cwd /Users/Liu/digitalocean/freckles
21 error Darwin 15.4.0
22 error argv "/Users/Liu/.nvm/versions/node/v7.0.0/bin/node" "/Users/Liu/.nvm/versions/node/v7.0.0/bin/npm" "run" "build"
23 error node v7.0.0
24 error npm  v3.10.8
25 error code ELIFECYCLE
26 error freckles@0.0.0-development build: `npm-run-all --parallel build:*`
26 error Exit status 1
27 error Failed at the freckles@0.0.0-development build script 'npm-run-all --parallel build:*'.
27 error Make sure you have the latest version of node.js and npm installed.
27 error If you do, this is most likely a problem with the freckles package,
27 error not with npm itself.
27 error Tell the author that this fails on your system:
27 error     npm-run-all --parallel build:*
27 error You can get information on how to open an issue for this project with:
27 error     npm bugs freckles
27 error Or if that isn't available, you can get their info via:
27 error     npm owner ls freckles
27 error There is likely additional logging output above.
28 verbose exit [ 1, true ]
